--- Copying files at Tue Jul 16 08:30:11 UTC 2019
INSTALLED init.groovy.d/tcp-slave-agent-port.groovy
--- Copying files at Tue Jul 16 15:30:31 UTC 2019
--- Copying files at Tue Jul 16 16:20:37 UTC 2019
--- Copying files at Wed Jul 17 07:02:12 UTC 2019
--- Copying files at Wed Jul 17 11:00:09 UTC 2019
--- Copying files at Thu Jul 18 07:10:57 UTC 2019
--- Copying files at Thu Jul 18 10:15:53 UTC 2019
--- Copying files at Fri Jul 19 07:00:42 UTC 2019
--- Copying files at Fri Jul 19 15:52:08 UTC 2019
--- Copying files at Mon Jul 22 07:04:23 UTC 2019
--- Copying files at Tue Jul 23 07:02:33 UTC 2019
--- Copying files at Wed Jul 24 07:13:29 UTC 2019
--- Copying files at Wed Jul 24 07:46:22 UTC 2019
--- Copying files at Wed Jul 24 08:07:52 UTC 2019
--- Copying files at Wed Jul 24 11:43:21 UTC 2019
--- Copying files at Wed Jul 24 13:12:59 UTC 2019
--- Copying files at Wed Jul 24 13:44:50 UTC 2019
--- Copying files at Thu Jul 25 06:49:02 UTC 2019
--- Copying files at Thu Jul 25 07:44:48 UTC 2019
--- Copying files at Thu Jul 25 14:47:54 UTC 2019
--- Copying files at Fri Jul 26 06:58:49 UTC 2019
--- Copying files at Fri Jul 26 09:07:42 UTC 2019
--- Copying files at Mon Jul 29 06:54:52 UTC 2019
--- Copying files at Mon Jul 29 08:44:32 UTC 2019
--- Copying files at Mon Jul 29 09:25:36 UTC 2019
--- Copying files at Mon Jul 29 14:36:02 UTC 2019
--- Copying files at Mon Jul 29 15:00:35 UTC 2019
--- Copying files at Mon Jul 29 15:02:18 UTC 2019
--- Copying files at Mon Jul 29 15:08:06 UTC 2019
--- Copying files at Mon Jul 29 15:14:15 UTC 2019
--- Copying files at Mon Jul 29 15:18:34 UTC 2019
--- Copying files at Mon Jul 29 15:25:48 UTC 2019
--- Copying files at Mon Jul 29 15:37:44 UTC 2019
--- Copying files at Mon Jul 29 15:46:38 UTC 2019
--- Copying files at Mon Jul 29 15:49:03 UTC 2019
--- Copying files at Tue Jul 30 06:59:35 UTC 2019
--- Copying files at Tue Jul 30 07:04:13 UTC 2019
--- Copying files at Tue Jul 30 07:15:14 UTC 2019
--- Copying files at Tue Jul 30 07:35:19 UTC 2019
--- Copying files at Tue Jul 30 07:43:42 UTC 2019
--- Copying files at Tue Jul 30 07:45:22 UTC 2019
--- Copying files at Tue Jul 30 07:53:50 UTC 2019
--- Copying files at Tue Jul 30 08:02:37 UTC 2019
--- Copying files at Tue Jul 30 08:06:02 UTC 2019
